 PATH boardoutline FOUND 
Scale factor = 1.000000
 0) 12.74,0.00
    25.48,5.89
    12.74,11.78
    0.00,139.64
    6.37,267.50
    12.74,267.53
    25.48,267.53
    39.90,267.53
    52.64,267.53
    65.38,273.90
    84.49,280.27
    103.60,273.90
    129.08,267.53
    154.56,273.90
    180.08,280.27
    205.61,273.90
    231.05,267.53
    256.49,273.90
    275.60,280.27
    294.71,273.90
    307.45,267.53
    320.19,253.11
    307.45,253.11
    307.43,253.11
    313.80,253.11
    320.17,125.25
    307.42,-2.61
    294.68,-8.50
    275.57,-14.39
    256.46,-8.50
    224.61,-2.61
    192.76,-8.50
    167.28,-14.39
    141.79,-8.50
    109.94,-2.61
    78.09,-8.50

Object origin:
160.097465 147.327960

Eagle Command:
set wire_bend 2;
change layer tDocu;
set width 0.000500;
poly (R -147.356645 132.942240) (R -134.615825 127.052677) (R -147.356645 121.163114) (R -160.097465 -6.697303) (R -153.726795 -134.557720) (R -147.356125 -134.586620) (R -134.615295 -134.586620) (R -120.200675 -134.586620) (R -107.459845 -134.586620) (R -94.719015 -140.957290) (R -75.607995 -147.327960) (R -56.496975 -140.957290) (R -31.015295 -134.586620) (R -5.533615 -140.957290) (R 19.987294 -147.327960) (R 45.508203 -140.957290) (R 70.950654 -134.586620) (R 96.393105 -140.957290) (R 115.504455 -147.327960) (R 134.615805 -140.957290) (R 147.356635 -134.586620) (R 160.097465 -120.172000) (R 147.356635 -120.172000) (R 147.327735 -120.172000) (R 153.697885 -120.172000) (R 160.068035 7.688417) (R 147.327215 135.548834) (R 134.586395 141.438397) (R 115.475305 147.327960) (R 96.364215 141.438397) (R 64.512004 135.548834) (R 32.659793 141.438397) (R 7.178144 147.327960) (R -18.303505 141.438397) (R -50.155525 135.548834) (R -82.007545 141.438397) (R -147.356645 132.942240);

